[debug] [2021-03-11T22:49:43.157Z] ----------------------------------------------------------------------
[debug] [2021-03-11T22:49:43.158Z] Command:       /Users/diegozegarra/.nvm/versions/node/v14.3.0/bin/node /Users/diegozegarra/.nvm/versions/node/v14.3.0/bin/firebase emulators:start --only functions
[debug] [2021-03-11T22:49:43.158Z] CLI Version:   9.6.0
[debug] [2021-03-11T22:49:43.158Z] Platform:      darwin
[debug] [2021-03-11T22:49:43.158Z] Node Version:  v14.3.0
[debug] [2021-03-11T22:49:43.159Z] Time:          Thu Mar 11 2021 17:49:43 GMT-0500 (Eastern Standard Time)
[debug] [2021-03-11T22:49:43.159Z] ----------------------------------------------------------------------
[debug] [2021-03-11T22:49:43.159Z] 
[debug] [2021-03-11T22:49:43.166Z] > command requires scopes: ["email","openid","https://www.googleapis.com/auth/cloudplatformprojects.readonly","https://www.googleapis.com/auth/firebase","https://www.googleapis.com/auth/cloud-platform"]
[debug] [2021-03-11T22:49:43.166Z] > authorizing via signed-in user
[info] i  emulators: Starting emulators: functions {"metadata":{"emulator":{"name":"hub"},"message":"Starting emulators: functions"}}
[debug] [2021-03-11T22:49:43.179Z] [hub] writing locator at /var/folders/2g/pph2qx291w7bk6lgtnhyrqz00000gn/T/hub-meals-1d8e6.json
[warn] ⚠  functions: The following emulators are not running, calls to these services from the Functions emulator will affect production: auth, firestore, database, hosting, pubsub {"metadata":{"emulator":{"name":"functions"},"message":"The following emulators are not running, calls to these services from the Functions emulator will affect production: \u001b[1mauth, firestore, database, hosting, pubsub\u001b[22m"}}
[info] ✔  functions: Using node@14 from host. {"metadata":{"emulator":{"name":"functions"},"message":"Using node@14 from host."}}
[debug] [2021-03-11T22:49:43.195Z] defaultcredentials: writing to file /Users/diegozegarra/.config/firebase/diego_zegarra78_gmail.com_application_default_credentials.json
[debug] [2021-03-11T22:49:43.197Z] Setting GAC to /Users/diegozegarra/.config/firebase/diego_zegarra78_gmail.com_application_default_credentials.json {"metadata":{"emulator":{"name":"functions"},"message":"Setting GAC to /Users/diegozegarra/.config/firebase/diego_zegarra78_gmail.com_application_default_credentials.json"}}
[debug] [2021-03-11T22:49:43.198Z] > refreshing access token with scopes: []
[debug] [2021-03-11T22:49:43.199Z] >>> HTTP REQUEST POST https://www.googleapis.com/oauth2/v3/token  
 <request body omitted>
[debug] [2021-03-11T22:49:43.340Z] <<< HTTP RESPONSE 200 {"cache-control":"no-cache, no-store, max-age=0, must-revalidate","expires":"Mon, 01 Jan 1990 00:00:00 GMT","pragma":"no-cache","date":"Thu, 11 Mar 2021 22:49:43 GMT","content-type":"application/json; charset=utf-8","vary":"X-Origin, Referer, Origin,Accept-Encoding","server":"scaffolding on HTTPServer2","x-xss-protection":"0","x-frame-options":"SAMEORIGIN","x-content-type-options":"nosniff","alt-svc":"h3-29=\":443\"; ma=2592000,h3-T051=\":443\"; ma=2592000,h3-Q050=\":443\"; ma=2592000,h3-Q046=\":443\"; ma=2592000,h3-Q043=\":443\"; ma=2592000,quic=\":443\"; ma=2592000; v=\"46,43\"","accept-ranges":"none","transfer-encoding":"chunked"}
[debug] [2021-03-11T22:49:43.368Z] >>> [apiv2][query] GET https://firebase.googleapis.com/v1beta1/projects/meals-1d8e6/adminSdkConfig [none]
[debug] [2021-03-11T22:49:43.672Z] <<< [apiv2][status] GET https://firebase.googleapis.com/v1beta1/projects/meals-1d8e6/adminSdkConfig 200
[debug] [2021-03-11T22:49:43.672Z] <<< [apiv2][body] GET https://firebase.googleapis.com/v1beta1/projects/meals-1d8e6/adminSdkConfig {"projectId":"meals-1d8e6","storageBucket":"meals-1d8e6.appspot.com"}
[debug] [2021-03-11T22:49:43.706Z] Ignoring unsupported arg: auto_download {"metadata":{"emulator":{"name":"ui"},"message":"Ignoring unsupported arg: auto_download"}}
[debug] [2021-03-11T22:49:43.706Z] Ignoring unsupported arg: port {"metadata":{"emulator":{"name":"ui"},"message":"Ignoring unsupported arg: port"}}
[debug] [2021-03-11T22:49:43.706Z] Starting Emulator UI with command {"binary":"node","args":["/Users/diegozegarra/.cache/firebase/emulators/ui-v1.4.2/server.bundle.js"],"optionalArgs":[],"joinArgs":false} {"metadata":{"emulator":{"name":"ui"},"message":"Starting Emulator UI with command {\"binary\":\"node\",\"args\":[\"/Users/diegozegarra/.cache/firebase/emulators/ui-v1.4.2/server.bundle.js\"],\"optionalArgs\":[],\"joinArgs\":false}"}}
[info] i  ui: Emulator UI logging to ui-debug.log {"metadata":{"emulator":{"name":"ui"},"message":"Emulator UI logging to \u001b[1mui-debug.log\u001b[22m"}}
[debug] [2021-03-11T22:49:43.817Z] Web / API server started at http://localhost:4000
 {"metadata":{"emulator":{"name":"ui"},"message":"Web / API server started at http://localhost:4000\n"}}
[info] i  functions: Watching "/Users/diegozegarra/Development/code/React Native/projects/MealsToGo/functions" for Cloud Functions... {"metadata":{"emulator":{"name":"functions"},"message":"Watching \"/Users/diegozegarra/Development/code/React Native/projects/MealsToGo/functions\" for Cloud Functions..."}}
[debug] [2021-03-11T22:49:43.983Z] [worker-pool] addWorker(~diagnostic~) {"metadata":{"emulator":{"name":"functions"},"message":"[worker-pool] addWorker(~diagnostic~)"}}
[debug] [2021-03-11T22:49:43.983Z] [worker-pool] Adding worker with key ~diagnostic~, total=1 {"metadata":{"emulator":{"name":"functions"},"message":"[worker-pool] Adding worker with key ~diagnostic~, total=1"}}
[debug] [2021-03-11T22:49:43.983Z] [worker-pool] submitWork(triggerId=) {"metadata":{"emulator":{"name":"functions"},"message":"[worker-pool] submitWork(triggerId=)"}}
[debug] [2021-03-11T22:49:43.984Z] [worker-~diagnostic~-043578a0-2f62-484e-a012-07c0b394146f]: Assigning socketPath: /var/folders/2g/pph2qx291w7bk6lgtnhyrqz00000gn/T/fire_emu_18697.sock {"metadata":{"emulator":{"name":"functions"},"message":"[worker-~diagnostic~-043578a0-2f62-484e-a012-07c0b394146f]: Assigning socketPath: /var/folders/2g/pph2qx291w7bk6lgtnhyrqz00000gn/T/fire_emu_18697.sock"}}
[debug] [2021-03-11T22:49:43.984Z] [worker-~diagnostic~-043578a0-2f62-484e-a012-07c0b394146f]: BUSY {"metadata":{"emulator":{"name":"functions"},"message":"[worker-~diagnostic~-043578a0-2f62-484e-a012-07c0b394146f]: BUSY"}}
[debug] [2021-03-11T22:49:44.149Z] [runtime-status] [18697] Functions runtime initialized. {"cwd":"/Users/diegozegarra/Development/code/React Native/projects/MealsToGo/functions","node_version":"14.3.0"} {"metadata":{"emulator":{"name":"functions"},"message":"[runtime-status] [18697] Functions runtime initialized. {\"cwd\":\"/Users/diegozegarra/Development/code/React Native/projects/MealsToGo/functions\",\"node_version\":\"14.3.0\"}"}}
[debug] [2021-03-11T22:49:44.149Z] [runtime-status] [18697] Disabled runtime features: undefined {"metadata":{"emulator":{"name":"functions"},"message":"[runtime-status] [18697] Disabled runtime features: undefined"}}
[debug] [2021-03-11T22:49:44.152Z] [runtime-status] [18697] Resolved module firebase-admin {"declared":true,"installed":true,"version":"9.5.0","resolution":"/Users/diegozegarra/Development/code/React Native/projects/MealsToGo/functions/node_modules/firebase-admin/lib/index.js"} {"metadata":{"emulator":{"name":"functions"},"message":"[runtime-status] [18697] Resolved module firebase-admin {\"declared\":true,\"installed\":true,\"version\":\"9.5.0\",\"resolution\":\"/Users/diegozegarra/Development/code/React Native/projects/MealsToGo/functions/node_modules/firebase-admin/lib/index.js\"}"}}
[debug] [2021-03-11T22:49:44.154Z] [runtime-status] [18697] Resolved module firebase-functions {"declared":true,"installed":true,"version":"3.13.2","resolution":"/Users/diegozegarra/Development/code/React Native/projects/MealsToGo/functions/node_modules/firebase-functions/lib/index.js"} {"metadata":{"emulator":{"name":"functions"},"message":"[runtime-status] [18697] Resolved module firebase-functions {\"declared\":true,\"installed\":true,\"version\":\"3.13.2\",\"resolution\":\"/Users/diegozegarra/Development/code/React Native/projects/MealsToGo/functions/node_modules/firebase-functions/lib/index.js\"}"}}
[debug] [2021-03-11T22:49:44.156Z] [runtime-status] [18697] Found local functions config: /Users/diegozegarra/Development/code/React Native/projects/MealsToGo/functions/.runtimeconfig.json {"metadata":{"emulator":{"name":"functions"},"message":"[runtime-status] [18697] Found local functions config: /Users/diegozegarra/Development/code/React Native/projects/MealsToGo/functions/.runtimeconfig.json"}}
[debug] [2021-03-11T22:49:44.156Z] [runtime-status] [18697] Resolved module firebase-functions {"declared":true,"installed":true,"version":"3.13.2","resolution":"/Users/diegozegarra/Development/code/React Native/projects/MealsToGo/functions/node_modules/firebase-functions/lib/index.js"} {"metadata":{"emulator":{"name":"functions"},"message":"[runtime-status] [18697] Resolved module firebase-functions {\"declared\":true,\"installed\":true,\"version\":\"3.13.2\",\"resolution\":\"/Users/diegozegarra/Development/code/React Native/projects/MealsToGo/functions/node_modules/firebase-functions/lib/index.js\"}"}}
[debug] [2021-03-11T22:49:44.158Z] [runtime-status] [18697] Outgoing network have been stubbed. [{"name":"http","status":"mocked"},{"name":"http","status":"mocked"},{"name":"https","status":"mocked"},{"name":"https","status":"mocked"},{"name":"net","status":"mocked"}] {"metadata":{"emulator":{"name":"functions"},"message":"[runtime-status] [18697] Outgoing network have been stubbed. [{\"name\":\"http\",\"status\":\"mocked\"},{\"name\":\"http\",\"status\":\"mocked\"},{\"name\":\"https\",\"status\":\"mocked\"},{\"name\":\"https\",\"status\":\"mocked\"},{\"name\":\"net\",\"status\":\"mocked\"}]"}}
[debug] [2021-03-11T22:49:44.159Z] [runtime-status] [18697] Resolved module firebase-functions {"declared":true,"installed":true,"version":"3.13.2","resolution":"/Users/diegozegarra/Development/code/React Native/projects/MealsToGo/functions/node_modules/firebase-functions/lib/index.js"} {"metadata":{"emulator":{"name":"functions"},"message":"[runtime-status] [18697] Resolved module firebase-functions {\"declared\":true,\"installed\":true,\"version\":\"3.13.2\",\"resolution\":\"/Users/diegozegarra/Development/code/React Native/projects/MealsToGo/functions/node_modules/firebase-functions/lib/index.js\"}"}}
[debug] [2021-03-11T22:49:44.214Z] [runtime-status] [18697] Checked functions.config() {"config":{"stripe":{"key":"sk_test_51He4O5K75x8ZXnEMkleyHN97cJgQH1p9HbbYEQ8TimynQXSufSKO1rn0oXzfE2vh37iyI4iPR3Tk3n3tsJiAmQDw00Xel6dM8Y"},"google":{"key":"AIzaSyAhRWTPjAPUjgkvI78-zRVNb_7p15DqkSU"}}} {"metadata":{"emulator":{"name":"functions"},"message":"[runtime-status] [18697] Checked functions.config() {\"config\":{\"stripe\":{\"key\":\"sk_test_51He4O5K75x8ZXnEMkleyHN97cJgQH1p9HbbYEQ8TimynQXSufSKO1rn0oXzfE2vh37iyI4iPR3Tk3n3tsJiAmQDw00Xel6dM8Y\"},\"google\":{\"key\":\"AIzaSyAhRWTPjAPUjgkvI78-zRVNb_7p15DqkSU\"}}}"}}
[debug] [2021-03-11T22:49:44.214Z] [runtime-status] [18697] firebase-functions has been stubbed. {"functionsResolution":{"declared":true,"installed":true,"version":"3.13.2","resolution":"/Users/diegozegarra/Development/code/React Native/projects/MealsToGo/functions/node_modules/firebase-functions/lib/index.js"}} {"metadata":{"emulator":{"name":"functions"},"message":"[runtime-status] [18697] firebase-functions has been stubbed. {\"functionsResolution\":{\"declared\":true,\"installed\":true,\"version\":\"3.13.2\",\"resolution\":\"/Users/diegozegarra/Development/code/React Native/projects/MealsToGo/functions/node_modules/firebase-functions/lib/index.js\"}}"}}
[debug] [2021-03-11T22:49:44.214Z] [runtime-status] [18697] Resolved module firebase-functions {"declared":true,"installed":true,"version":"3.13.2","resolution":"/Users/diegozegarra/Development/code/React Native/projects/MealsToGo/functions/node_modules/firebase-functions/lib/index.js"} {"metadata":{"emulator":{"name":"functions"},"message":"[runtime-status] [18697] Resolved module firebase-functions {\"declared\":true,\"installed\":true,\"version\":\"3.13.2\",\"resolution\":\"/Users/diegozegarra/Development/code/React Native/projects/MealsToGo/functions/node_modules/firebase-functions/lib/index.js\"}"}}
[debug] [2021-03-11T22:49:44.215Z] [runtime-status] [18697] Resolved module firebase-admin {"declared":true,"installed":true,"version":"9.5.0","resolution":"/Users/diegozegarra/Development/code/React Native/projects/MealsToGo/functions/node_modules/firebase-admin/lib/index.js"} {"metadata":{"emulator":{"name":"functions"},"message":"[runtime-status] [18697] Resolved module firebase-admin {\"declared\":true,\"installed\":true,\"version\":\"9.5.0\",\"resolution\":\"/Users/diegozegarra/Development/code/React Native/projects/MealsToGo/functions/node_modules/firebase-admin/lib/index.js\"}"}}
[debug] [2021-03-11T22:49:44.215Z] [runtime-status] [18697] Resolved module firebase-functions {"declared":true,"installed":true,"version":"3.13.2","resolution":"/Users/diegozegarra/Development/code/React Native/projects/MealsToGo/functions/node_modules/firebase-functions/lib/index.js"} {"metadata":{"emulator":{"name":"functions"},"message":"[runtime-status] [18697] Resolved module firebase-functions {\"declared\":true,\"installed\":true,\"version\":\"3.13.2\",\"resolution\":\"/Users/diegozegarra/Development/code/React Native/projects/MealsToGo/functions/node_modules/firebase-functions/lib/index.js\"}"}}
[debug] [2021-03-11T22:49:44.216Z] [runtime-status] [18697] firebase-admin has been stubbed. {"adminResolution":{"declared":true,"installed":true,"version":"9.5.0","resolution":"/Users/diegozegarra/Development/code/React Native/projects/MealsToGo/functions/node_modules/firebase-admin/lib/index.js"}} {"metadata":{"emulator":{"name":"functions"},"message":"[runtime-status] [18697] firebase-admin has been stubbed. {\"adminResolution\":{\"declared\":true,\"installed\":true,\"version\":\"9.5.0\",\"resolution\":\"/Users/diegozegarra/Development/code/React Native/projects/MealsToGo/functions/node_modules/firebase-admin/lib/index.js\"}}"}}
[info] ✔  functions[geocode]: http function initialized (http://localhost:5001/meals-1d8e6/us-central1/geocode). {"metadata":{"emulator":{"name":"functions"},"message":"\u001b[1mhttp\u001b[22m function initialized (http://localhost:5001/meals-1d8e6/us-central1/geocode)."}}
[info] ✔  functions[placesNearby]: http function initialized (http://localhost:5001/meals-1d8e6/us-central1/placesNearby). {"metadata":{"emulator":{"name":"functions"},"message":"\u001b[1mhttp\u001b[22m function initialized (http://localhost:5001/meals-1d8e6/us-central1/placesNearby)."}}
[info] ✔  functions[pay]: http function initialized (http://localhost:5001/meals-1d8e6/us-central1/pay). {"metadata":{"emulator":{"name":"functions"},"message":"\u001b[1mhttp\u001b[22m function initialized (http://localhost:5001/meals-1d8e6/us-central1/pay)."}}
[info] 
┌─────────────────────────────────────────────────────────────┐
│ ✔  All emulators ready! It is now safe to connect your app. │
│ i  View Emulator UI at http://localhost:4000                │
└─────────────────────────────────────────────────────────────┘

┌───────────┬────────────────┬─────────────────────────────────┐
│ Emulator  │ Host:Port      │ View in Emulator UI             │
├───────────┼────────────────┼─────────────────────────────────┤
│ Functions │ localhost:5001 │ http://localhost:4000/functions │
└───────────┴────────────────┴─────────────────────────────────┘
  Emulator Hub running at localhost:4400
  Other reserved ports: 4500

Issues? Report them at https://github.com/firebase/firebase-tools/issues and attach the *-debug.log files.
 
[debug] [2021-03-11T22:49:44.327Z] [worker-~diagnostic~-043578a0-2f62-484e-a012-07c0b394146f]: IDLE {"metadata":{"emulator":{"name":"functions"},"message":"[worker-~diagnostic~-043578a0-2f62-484e-a012-07c0b394146f]: IDLE"}}
